#
# A fatal error has been detected by the Java Runtime Environment:
#
#  EXCEPTION_ACCESS_VIOLATION (0xc0000005) at pc=0x00007ff884342b09, pid=19448, tid=18012
#
# JRE version: Java(TM) SE Runtime Environment (8.0_60-b27) (build 1.8.0_60-b27)
# Java VM: Java HotSpot(TM) 64-Bit Server VM (25.60-b23 mixed mode windows-amd64 compressed oops)
# Problematic frame:
# C  [JOCL_0_2_0-windows-x86_64.dll+0x2b09]
#
# Failed to write core dump. Minidumps are not enabled by default on client versions of Windows
#
# If you would like to submit a bug report, please visit:
#   http://bugreport.java.com/bugreport/crash.jsp
# The crash happened outside the Java Virtual Machine in native code.
# See problematic frame for where to report the bug.
#

---------------  T H R E A D  ---------------

Current thread (0x00000000218b4000):  JavaThread "nREPL-worker-13" daemon [_thread_in_native, id=18012, stack(0x000000003bb40000,0x000000003bc40000)]

siginfo: ExceptionCode=0xc0000005, reading address 0x00000000316e21c8

Registers:
RAX=0x000000003bc3dc20, RBX=0x00000000316e21a0, RCX=0x0000000000000006, RDX=0x00007ff884387b90
RSP=0x000000003bc3dbe0, RBP=0x000000003bc3dca8, RSI=0x0000000031b26670, RDI=0x00000000218b41f8
R8 =0x000000003bc3d6c8, R9 =0x000000003bc3d6c0, R10=0xfffffffffffff000, R11=0x000000003bc3d970
R12=0x0000000000000000, R13=0x000000002f51dc60, R14=0x000000003bc3dcc8, R15=0x00000000218b4000
RIP=0x00007ff884342b09, EFLAGS=0x0000000000010206

Top of Stack: (sp=0x000000003bc3dbe0)
0x000000003bc3dbe0:   00000000316e21a0 00007ff884387b90
0x000000003bc3dbf0:   000000003bc3d6c8 000000003bc3d6c0
0x000000003bc3dc00:   00000000218b41f8 00007ff88434a974
0x000000003bc3dc10:   0000000000000000 0000000000000001
0x000000003bc3dc20:   00000000005f7540 0000000031b26670
0x000000003bc3dc30:   00000007bde18068 000000000242dfcc
0x000000003bc3dc40:   00000007bde180c0 000000002f51dc60
0x000000003bc3dc50:   000000002f51e3a8 0000000000000000
0x000000003bc3dc60:   000000002e1addc0 000000003bc3dc68
0x000000003bc3dc70:   0000000000000000 000000003bc3dcc8
0x000000003bc3dc80:   000000002f555010 0000000000000000
0x000000003bc3dc90:   000000002f51dc60 0000000000000000
0x000000003bc3dca0:   000000003bc3dcc8 000000003bc3dd10
0x000000003bc3dcb0:   00000000024177d0 00000006c55eb9e8
0x000000003bc3dcc0:   00000000024242f6 000000077532e720
0x000000003bc3dcd0:   000000003bc3dcd0 000000002f51dbb9 

Instructions: (pc=0x00007ff884342b09)
0x00007ff884342ae9:   74 65 48 8d 54 24 40 4c 8b c3 e8 58 01 00 00 48
0x00007ff884342af9:   8d 15 91 50 04 00 b9 06 00 00 00 e8 07 49 01 00
0x00007ff884342b09:   48 8b 53 28 48 85 d2 74 3e 48 8b 12 48 85 d2 74
0x00007ff884342b19:   0c 48 8b 07 48 8b cf ff 90 b0 00 00 00 48 8b 43 


Register to memory mapping:

RAX=0x000000003bc3dc20 is pointing into the stack for thread: 0x00000000218b4000
RBX=0x00000000316e21a0 is an unknown value
RCX=0x0000000000000006 is an unknown value
RDX=0x00007ff884387b90 is an unknown value
RSP=0x000000003bc3dbe0 is pointing into the stack for thread: 0x00000000218b4000
RBP=0x000000003bc3dca8 is pointing into the stack for thread: 0x00000000218b4000
RSI=0x0000000031b26670 is an unknown value
RDI=0x00000000218b41f8 is an unknown value
R8 =0x000000003bc3d6c8 is pointing into the stack for thread: 0x00000000218b4000
R9 =0x000000003bc3d6c0 is pointing into the stack for thread: 0x00000000218b4000
R10=0xfffffffffffff000 is an unknown value
R11=0x000000003bc3d970 is pointing into the stack for thread: 0x00000000218b4000
R12=0x0000000000000000 is an unknown value
R13={method} {0x000000002f51dc68} 'clReleaseContextNative' '(Lorg/jocl/cl_context;)I' in 'org/jocl/CL'
R14=0x000000003bc3dcc8 is pointing into the stack for thread: 0x00000000218b4000
R15=0x00000000218b4000 is a thread


Stack: [0x000000003bb40000,0x000000003bc40000],  sp=0x000000003bc3dbe0,  free space=1014k
Native frames: (J=compiled Java code, j=interpreted, Vv=VM code, C=native code)
C  [JOCL_0_2_0-windows-x86_64.dll+0x2b09]
C  [JOCL_0_2_0-windows-x86_64.dll+0xa974]
C  0x000000000242dfcc

Java frames: (J=compiled Java code, j=interpreted, Vv=VM code)
j  org.jocl.CL.clReleaseContextNative(Lorg/jocl/cl_context;)I+0
j  org.jocl.CL.clReleaseContext(Lorg/jocl/cl_context;)I+1
j  uncomplicate.clojurecl.core$eval31067$fn__31068.invoke(Ljava/lang/Object;)Ljava/lang/Object;+5
j  uncomplicate.commons.core$eval23568$fn__23569$G__23559__23574.invoke(Ljava/lang/Object;)Ljava/lang/Object;+45
J 8358 C1 uncomplicate.commons.core$release_seq.invokeStatic(Ljava/lang/Object;)Ljava/lang/Object; (100 bytes) @ 0x000000000403069c [0x000000000402fe20+0x87c]
J 8357 C1 uncomplicate.commons.core$release_seq.invoke(Ljava/lang/Object;)Ljava/lang/Object; (7 bytes) @ 0x00000000033ce404 [0x00000000033ce380+0x84]
j  ch10_cisto.core$eval32567.invokeStatic()Ljava/lang/Object;+383
j  ch10_cisto.core$eval32567.invoke()Ljava/lang/Object;+0
J 7029 C2 clojure.lang.Compiler.eval(Ljava/lang/Object;Z)Ljava/lang/Object; (393 bytes) @ 0x0000000002f1ebe4 [0x0000000002f1daa0+0x1144]
J 6405 C1 clojure.lang.Compiler.load(Ljava/io/Reader;Ljava/lang/String;Ljava/lang/String;)Ljava/lang/Object; (498 bytes) @ 0x0000000003ab8774 [0x0000000003ab30c0+0x56b4]
j  user$eval32553.invokeStatic()Ljava/lang/Object;+65
j  user$eval32553.invoke()Ljava/lang/Object;+0
J 7029 C2 clojure.lang.Compiler.eval(Ljava/lang/Object;Z)Ljava/lang/Object; (393 bytes) @ 0x0000000002f1ebe4 [0x0000000002f1daa0+0x1144]
j  clojure.lang.Compiler.eval(Ljava/lang/Object;)Ljava/lang/Object;+2
j  clojure.core$eval.invokeStatic(Ljava/lang/Object;)Ljava/lang/Object;+3
j  clojure.core$eval.invoke(Ljava/lang/Object;)Ljava/lang/Object;+3
j  clojure.main$repl$read_eval_print__7408$fn__7411.invoke()Ljava/lang/Object;+11
j  clojure.main$repl$read_eval_print__7408.invoke()Ljava/lang/Object;+178
j  clojure.main$repl$fn__7417.invoke()Ljava/lang/Object;+7
j  clojure.main$repl.invokeStatic(Lclojure/lang/ISeq;)Ljava/lang/Object;+608
j  clojure.main$repl.doInvoke(Ljava/lang/Object;)Ljava/lang/Object;+6
j  clojure.lang.RestFn.invoke(Ljava/lang/Object;Ljava/lang/Object;Ljava/lang/Object;Ljava/lang/Object;Ljava/lang/Object;Ljava/lang/Object;Ljava/lang/Object;Ljava/lang/Object;Ljava/lang/Object;Ljava/lang/Object;Ljava/lang/Object;Ljava/lang/Object;Ljava/lang/Object;Ljava/lang/Object;)Ljava/lang/Object;+259
j  clojure.tools.nrepl.middleware.interruptible_eval$evaluate$fn__937.invoke()Ljava/lang/Object;+273
J 7551 C2 clojure.lang.AFn.applyToHelper(Lclojure/lang/IFn;Lclojure/lang/ISeq;)Ljava/lang/Object; (3238 bytes) @ 0x0000000003f6aba8 [0x0000000003f69c80+0xf28]
J 6543 C2 clojure.lang.AFn.applyTo(Lclojure/lang/ISeq;)Ljava/lang/Object; (12 bytes) @ 0x0000000002dddc54 [0x0000000002dddc20+0x34]
J 7411 C1 clojure.core$with_bindings_STAR_.doInvoke(Ljava/lang/Object;Ljava/lang/Object;Ljava/lang/Object;)Ljava/lang/Object; (16 bytes) @ 0x0000000002a936d4 [0x0000000002a93140+0x594]
J 5147 C2 clojure.lang.RestFn.invoke(Ljava/lang/Object;Ljava/lang/Object;)Ljava/lang/Object; (119 bytes) @ 0x0000000002548c80 [0x0000000002548ac0+0x1c0]
j  clojure.tools.nrepl.middleware.interruptible_eval$evaluate.invokeStatic(Ljava/lang/Object;Ljava/lang/Object;)Ljava/lang/Object;+608
j  clojure.tools.nrepl.middleware.interruptible_eval$evaluate.invoke(Ljava/lang/Object;Ljava/lang/Object;)Ljava/lang/Object;+6
j  clojure.tools.nrepl.middleware.interruptible_eval$interruptible_eval$fn__979$fn__982.invoke()Ljava/lang/Object;+105
j  clojure.tools.nrepl.middleware.interruptible_eval$run_next$fn__974.invoke()Ljava/lang/Object;+7
j  clojure.lang.AFn.run()V+1
j  java.util.concurrent.ThreadPoolExecutor.runWorker(Ljava/util/concurrent/ThreadPoolExecutor$Worker;)V+95
j  java.util.concurrent.ThreadPoolExecutor$Worker.run()V+5
j  java.lang.Thread.run()V+11
v  ~StubRoutines::call_stub

---------------  P R O C E S S  ---------------

Java Threads: ( => current thread )
=>0x00000000218b4000 JavaThread "nREPL-worker-13" daemon [_thread_in_native, id=18012, stack(0x000000003bb40000,0x000000003bc40000)]
  0x00000000218b2800 JavaThread "clojure-agent-send-off-pool-15" [_thread_blocked, id=14932, stack(0x000000003b540000,0x000000003b640000)]
  0x00000000218b1800 JavaThread "async-dispatch-58" daemon [_thread_blocked, id=18584, stack(0x000000003ae40000,0x000000003af40000)]
  0x00000000218ac800 JavaThread "async-dispatch-57" daemon [_thread_blocked, id=8112, stack(0x000000003ad40000,0x000000003ae40000)]
  0x00000000218b1000 JavaThread "async-dispatch-56" daemon [_thread_blocked, id=11780, stack(0x000000003ac40000,0x000000003ad40000)]
  0x00000000218b3000 JavaThread "async-dispatch-55" daemon [_thread_blocked, id=19888, stack(0x000000003ab40000,0x000000003ac40000)]
  0x00000000218ae000 JavaThread "async-dispatch-54" daemon [_thread_blocked, id=7684, stack(0x000000003a3e0000,0x000000003a4e0000)]
  0x00000000218b0000 JavaThread "async-dispatch-53" daemon [_thread_blocked, id=20312, stack(0x000000003a2e0000,0x000000003a3e0000)]
  0x0000000026d11800 JavaThread "async-dispatch-52" daemon [_thread_blocked, id=11732, stack(0x0000000039ee0000,0x0000000039fe0000)]
  0x0000000022499000 JavaThread "async-dispatch-51" daemon [_thread_blocked, id=11352, stack(0x0000000039de0000,0x0000000039ee0000)]
  0x0000000020117800 JavaThread "async-dispatch-50" daemon [_thread_blocked, id=11512, stack(0x0000000039ce0000,0x0000000039de0000)]
  0x0000000020118800 JavaThread "async-dispatch-49" daemon [_thread_blocked, id=7880, stack(0x0000000039be0000,0x0000000039ce0000)]
  0x0000000020114000 JavaThread "async-dispatch-48" daemon [_thread_blocked, id=18720, stack(0x0000000039ae0000,0x0000000039be0000)]
  0x0000000020117000 JavaThread "async-dispatch-47" daemon [_thread_blocked, id=6720, stack(0x00000000399e0000,0x0000000039ae0000)]
  0x0000000020113000 JavaThread "async-dispatch-46" daemon [_thread_blocked, id=19592, stack(0x00000000397e0000,0x00000000398e0000)]
  0x0000000020112800 JavaThread "async-dispatch-45" daemon [_thread_blocked, id=6564, stack(0x00000000396e0000,0x00000000397e0000)]
  0x0000000020119000 JavaThread "async-dispatch-44" daemon [_thread_blocked, id=10752, stack(0x00000000395e0000,0x00000000396e0000)]
  0x0000000020114800 JavaThread "async-dispatch-43" daemon [_thread_blocked, id=19548, stack(0x00000000394e0000,0x00000000395e0000)]
  0x000000002010a000 JavaThread "async-dispatch-42" daemon [_thread_blocked, id=13060, stack(0x00000000393e0000,0x00000000394e0000)]
  0x0000000020116000 JavaThread "async-dispatch-41" daemon [_thread_blocked, id=13624, stack(0x00000000392e0000,0x00000000393e0000)]
  0x000000002010b000 JavaThread "async-dispatch-40" daemon [_thread_blocked, id=19644, stack(0x0000000038fe0000,0x00000000390e0000)]
  0x0000000020115800 JavaThread "async-dispatch-39" daemon [_thread_blocked, id=19080, stack(0x0000000038ee0000,0x0000000038fe0000)]
  0x000000002010f800 JavaThread "async-dispatch-38" daemon [_thread_blocked, id=8160, stack(0x0000000038de0000,0x0000000038ee0000)]
  0x000000002010e800 JavaThread "async-dispatch-37" daemon [_thread_blocked, id=16524, stack(0x0000000038ce0000,0x0000000038de0000)]
  0x000000002010d000 JavaThread "async-dispatch-36" daemon [_thread_blocked, id=11080, stack(0x0000000038be0000,0x0000000038ce0000)]
  0x0000000020111800 JavaThread "async-dispatch-35" daemon [_thread_blocked, id=19680, stack(0x0000000038ae0000,0x0000000038be0000)]
  0x0000000020111000 JavaThread "async-dispatch-34" daemon [_thread_blocked, id=19160, stack(0x00000000384e0000,0x00000000385e0000)]
  0x000000002010e000 JavaThread "async-dispatch-33" daemon [_thread_blocked, id=16444, stack(0x00000000383e0000,0x00000000384e0000)]
  0x0000000022496800 JavaThread "async-dispatch-32" daemon [_thread_blocked, id=19624, stack(0x00000000382e0000,0x00000000383e0000)]
  0x0000000022496000 JavaThread "async-dispatch-31" daemon [_thread_blocked, id=2264, stack(0x00000000381e0000,0x00000000382e0000)]
  0x0000000026d16800 JavaThread "async-dispatch-30" daemon [_thread_blocked, id=7656, stack(0x00000000380e0000,0x00000000381e0000)]
  0x0000000026d18000 JavaThread "async-dispatch-29" daemon [_thread_blocked, id=20024, stack(0x0000000037fe0000,0x00000000380e0000)]
  0x0000000026d17800 JavaThread "async-dispatch-28" daemon [_thread_blocked, id=12576, stack(0x0000000037de0000,0x0000000037ee0000)]
  0x0000000026d16000 JavaThread "async-dispatch-27" daemon [_thread_blocked, id=17964, stack(0x0000000037ce0000,0x0000000037de0000)]
  0x0000000026d0d000 JavaThread "async-dispatch-26" daemon [_thread_blocked, id=15788, stack(0x0000000037be0000,0x0000000037ce0000)]
  0x0000000026d15000 JavaThread "async-dispatch-25" daemon [_thread_blocked, id=14768, stack(0x0000000037ae0000,0x0000000037be0000)]
  0x0000000026d13000 JavaThread "async-dispatch-24" daemon [_thread_blocked, id=11196, stack(0x00000000379e0000,0x0000000037ae0000)]
  0x0000000026d14800 JavaThread "async-dispatch-23" daemon [_thread_blocked, id=14020, stack(0x00000000378e0000,0x00000000379e0000)]
  0x0000000026d0d800 JavaThread "async-dispatch-22" daemon [_thread_blocked, id=18444, stack(0x00000000375e0000,0x00000000376e0000)]
  0x0000000026d12000 JavaThread "async-dispatch-21" daemon [_thread_blocked, id=17308, stack(0x00000000374e0000,0x00000000375e0000)]
  0x0000000026d10800 JavaThread "async-dispatch-20" daemon [_thread_blocked, id=19376, stack(0x00000000373e0000,0x00000000374e0000)]
  0x0000000026d13800 JavaThread "async-dispatch-19" daemon [_thread_blocked, id=17356, stack(0x00000000372e0000,0x00000000373e0000)]
  0x0000000026d0f000 JavaThread "async-dispatch-18" daemon [_thread_blocked, id=884, stack(0x00000000371e0000,0x00000000372e0000)]
  0x0000000026d0a800 JavaThread "async-dispatch-17" daemon [_thread_blocked, id=17400, stack(0x00000000370e0000,0x00000000371e0000)]
  0x0000000026d0b800 JavaThread "async-dispatch-16" daemon [_thread_blocked, id=7464, stack(0x0000000034ee0000,0x0000000034fe0000)]
  0x0000000026d0a000 JavaThread "async-dispatch-15" daemon [_thread_blocked, id=19848, stack(0x0000000034de0000,0x0000000034ee0000)]
  0x0000000026d0e800 JavaThread "async-dispatch-14" daemon [_thread_blocked, id=11900, stack(0x0000000034ce0000,0x0000000034de0000)]
  0x0000000026d0c000 JavaThread "async-dispatch-13" daemon [_thread_blocked, id=18752, stack(0x0000000034be0000,0x0000000034ce0000)]
  0x0000000026d09000 JavaThread "async-dispatch-12" daemon [_thread_blocked, id=20112, stack(0x0000000034ae0000,0x0000000034be0000)]
  0x0000000026d10000 JavaThread "async-dispatch-11" daemon [_thread_blocked, id=18252, stack(0x00000000349e0000,0x0000000034ae0000)]
  0x0000000021890800 JavaThread "async-dispatch-10" daemon [_thread_blocked, id=6824, stack(0x00000000347e0000,0x00000000348e0000)]
  0x0000000022493800 JavaThread "async-dispatch-9" daemon [_thread_blocked, id=17420, stack(0x00000000346e0000,0x00000000347e0000)]
  0x000000002188c000 JavaThread "async-dispatch-8" daemon [_thread_blocked, id=10868, stack(0x00000000345e0000,0x00000000346e0000)]
  0x000000002188d800 JavaThread "async-dispatch-7" daemon [_thread_blocked, id=10944, stack(0x00000000344e0000,0x00000000345e0000)]
  0x000000002188f000 JavaThread "async-dispatch-6" daemon [_thread_blocked, id=18136, stack(0x00000000343e0000,0x00000000344e0000)]
  0x000000002188f800 JavaThread "async-dispatch-5" daemon [_thread_blocked, id=4288, stack(0x00000000342e0000,0x00000000343e0000)]
  0x0000000022495000 JavaThread "async-dispatch-4" daemon [_thread_blocked, id=18248, stack(0x00000000314b0000,0x00000000315b0000)]
  0x0000000022498000 JavaThread "async-dispatch-3" daemon [_thread_blocked, id=13640, stack(0x00000000313b0000,0x00000000314b0000)]
  0x0000000022497800 JavaThread "async-dispatch-2" daemon [_thread_blocked, id=20212, stack(0x000000002fc40000,0x000000002fd40000)]
  0x000000002248d800 JavaThread "async-dispatch-1" daemon [_thread_blocked, id=13000, stack(0x000000002e9d0000,0x000000002ead0000)]
  0x0000000022490800 JavaThread "clojure.core.async.timers/timeout-daemon" daemon [_thread_blocked, id=18888, stack(0x000000002daf0000,0x000000002dbf0000)]
  0x000000002188c800 JavaThread "clojure-agent-send-off-pool-5" [_thread_in_native, id=9148, stack(0x000000002d5f0000,0x000000002d6f0000)]
  0x0000000021892000 JavaThread "clojure-agent-send-off-pool-6" [_thread_in_native, id=7288, stack(0x000000002d4f0000,0x000000002d5f0000)]
  0x000000002188e000 JavaThread "clojure-agent-send-off-pool-4" [_thread_blocked, id=14432, stack(0x000000002d3f0000,0x000000002d4f0000)]
  0x000000002188b000 JavaThread "clojure-agent-send-off-pool-3" [_thread_blocked, id=13820, stack(0x0000000023500000,0x0000000023600000)]
  0x0000000021891000 JavaThread "clojure-agent-send-off-pool-2" [_thread_in_native, id=16036, stack(0x00000000231d0000,0x00000000232d0000)]
  0x000000001f744800 JavaThread "Thread-0" daemon [_thread_in_native, id=8464, stack(0x0000000020890000,0x0000000020990000)]
  0x000000001ef6b800 JavaThread "JDWP Command Reader" daemon [_thread_in_native, id=12716, stack(0x000000001f5c0000,0x000000001f6c0000)]
  0x000000001dfc6800 JavaThread "Service Thread" daemon [_thread_blocked, id=6492, stack(0x000000001eae0000,0x000000001ebe0000)]
  0x000000001df39800 JavaThread "C1 CompilerThread3" daemon [_thread_blocked, id=9412, stack(0x000000001e9e0000,0x000000001eae0000)]
  0x000000001df39000 JavaThread "C2 CompilerThread2" daemon [_thread_blocked, id=10936, stack(0x000000001e8e0000,0x000000001e9e0000)]
  0x000000001df33000 JavaThread "C2 CompilerThread1" daemon [_thread_blocked, id=18980, stack(0x000000001e7e0000,0x000000001e8e0000)]
  0x000000001df2f800 JavaThread "C2 CompilerThread0" daemon [_thread_blocked, id=3704, stack(0x000000001e6e0000,0x000000001e7e0000)]
  0x000000001df23000 JavaThread "JDWP Event Helper Thread" daemon [_thread_blocked, id=12080, stack(0x000000001e5e0000,0x000000001e6e0000)]
  0x000000001df16000 JavaThread "JDWP Transport Listener: dt_socket" daemon [_thread_blocked, id=12304, stack(0x000000001e4e0000,0x000000001e5e0000)]
  0x000000001df0a800 JavaThread "Attach Listener" daemon [_thread_blocked, id=5308, stack(0x000000001e3e0000,0x000000001e4e0000)]
  0x000000001df09800 JavaThread "Signal Dispatcher" daemon [_thread_blocked, id=19004, stack(0x000000001e2e0000,0x000000001e3e0000)]
  0x000000000240c800 JavaThread "Finalizer" daemon [_thread_blocked, id=11680, stack(0x000000001dd00000,0x000000001de00000)]
  0x0000000002406000 JavaThread "Reference Handler" daemon [_thread_blocked, id=14668, stack(0x000000001dc00000,0x000000001dd00000)]
  0x0000000002314800 JavaThread "main" [_thread_blocked, id=15232, stack(0x0000000002210000,0x0000000002310000)]

Other Threads:
  0x000000001be39800 VMThread [stack: 0x000000001db00000,0x000000001dc00000] [id=18328]
  0x000000001dfed000 WatcherThread [stack: 0x000000001ecc0000,0x000000001edc0000] [id=20168]

VM state:not at safepoint (normal execution)

VM Mutex/Monitor currently owned by a thread: None

Heap:
 PSYoungGen      total 1352704K, used 218297K [0x000000076b380000, 0x00000007c0000000, 0x00000007c0000000)
  eden space 1317888K, 15% used [0x000000076b380000,0x0000000778077fa0,0x00000007bba80000)
  from space 34816K, 24% used [0x00000007bdb80000,0x00000007be3b6628,0x00000007bfd80000)
  to   space 33792K, 0% used [0x00000007bba80000,0x00000007bba80000,0x00000007bdb80000)
 ParOldGen       total 314368K, used 74659K [0x00000006c1a00000, 0x00000006d4d00000, 0x000000076b380000)
  object space 314368K, 23% used [0x00000006c1a00000,0x00000006c62e8e30,0x00000006d4d00000)
 Metaspace       used 77151K, capacity 114677K, committed 114856K, reserved 1128448K
  class space    used 22106K, capacity 34935K, committed 34984K, reserved 1048576K

Card table byte_map: [0x00000000117d0000,0x0000000011fd0000] byte_map_base: 0x000000000e1c3000

Marking Bits: (ParMarkBitMap*) 0x0000000063d5a5b0
 Begin Bits: [0x0000000012d20000, 0x0000000016cb8000)
 End Bits:   [0x0000000016cb8000, 0x000000001ac50000)

Polling page: 0x0000000000560000

CodeCache: size=245760Kb used=26951Kb max_used=28997Kb free=218808Kb
 bounds [0x0000000002410000, 0x0000000004090000, 0x0000000011410000]
 total_blobs=6176 nmethods=5651 adapters=443
 compilation: enabled

Compilation events (10 events):
Event: 1406.837 Thread 0x000000001df2f800 8381       4       clojure.lang.Numbers::add (27 bytes)
Event: 1406.837 Thread 0x000000001df33000 8382       4       clojure.lang.Numbers::lte (9 bytes)
Event: 1406.848 Thread 0x000000001df33000 nmethod 8382 0x0000000002cab710 code [0x0000000002cab8a0, 0x0000000002cabc18]
Event: 1406.849 Thread 0x000000001df2f800 nmethod 8381 0x0000000003455f10 code [0x00000000034560c0, 0x00000000034565e8]
Event: 1406.882 Thread 0x000000001df39000 8383       4       clojure.core$number_QMARK_::invoke (7 bytes)
Event: 1406.882 Thread 0x000000001df39000 nmethod 8383 0x00000000028408d0 code [0x0000000002840a00, 0x0000000002840a98]
Event: 1406.884 Thread 0x000000001df39800 8384   !   3       sun.reflect.GeneratedMethodAccessor13::invoke (65 bytes)
Event: 1406.885 Thread 0x000000001df39800 nmethod 8384 0x0000000002f16610 code [0x0000000002f16800, 0x0000000002f16e38]
Event: 1406.936 Thread 0x000000001df33000 8385       4       java.io.PrintWriter::write (11 bytes)
Event: 1406.942 Thread 0x000000001df33000 nmethod 8385 0x0000000002eb2f10 code [0x0000000002eb3080, 0x0000000002eb35a8]

GC Heap History (10 events):
Event: 16.512 GC heap before
{Heap before GC invocations=18 (full 3):
 PSYoungGen      total 1183744K, used 475850K [0x000000076b380000, 0x00000007b6780000, 0x00000007c0000000)
  eden space 1159168K, 39% used [0x000000076b380000,0x0000000786da58e8,0x00000007b1f80000)
  from space 24576K, 93% used [0x00000007b4f80000,0x00000007b660d290,0x00000007b6780000)
  to   space 36864K, 0% used [0x00000007b1f80000,0x00000007b1f80000,0x00000007b4380000)
 ParOldGen       total 239616K, used 58768K [0x00000006c1a00000, 0x00000006d0400000, 0x000000076b380000)
  object space 239616K, 24% used [0x00000006c1a00000,0x00000006c5364120,0x00000006d0400000)
 Metaspace       used 67076K, capacity 98433K, committed 98600K, reserved 1118208K
  class space    used 19230K, capacity 29991K, committed 29992K, reserved 1048576K
Event: 16.527 GC heap after
Heap after GC invocations=18 (full 3):
 PSYoungGen      total 1196032K, used 19432K [0x000000076b380000, 0x00000007c0000000, 0x00000007c0000000)
  eden space 1159168K, 0% used [0x000000076b380000,0x000000076b380000,0x00000007b1f80000)
  from space 36864K, 52% used [0x00000007b1f80000,0x00000007b327a010,0x00000007b4380000)
  to   space 36352K, 0% used [0x00000007bdc80000,0x00000007bdc80000,0x00000007c0000000)
 ParOldGen       total 239616K, used 58784K [0x00000006c1a00000, 0x00000006d0400000, 0x000000076b380000)
  object space 239616K, 24% used [0x00000006c1a00000,0x00000006c5368120,0x00000006d0400000)
 Metaspace       used 67076K, capacity 98433K, committed 98600K, reserved 1118208K
  class space    used 19230K, capacity 29991K, committed 29992K, reserved 1048576K
}
Event: 16.527 GC heap before
{Heap before GC invocations=19 (full 4):
 PSYoungGen      total 1196032K, used 19432K [0x000000076b380000, 0x00000007c0000000, 0x00000007c0000000)
  eden space 1159168K, 0% used [0x000000076b380000,0x000000076b380000,0x00000007b1f80000)
  from space 36864K, 52% used [0x00000007b1f80000,0x00000007b327a010,0x00000007b4380000)
  to   space 36352K, 0% used [0x00000007bdc80000,0x00000007bdc80000,0x00000007c0000000)
 ParOldGen       total 239616K, used 58784K [0x00000006c1a00000, 0x00000006d0400000, 0x000000076b380000)
  object space 239616K, 24% used [0x00000006c1a00000,0x00000006c5368120,0x00000006d0400000)
 Metaspace       used 67076K, capacity 98433K, committed 98600K, reserved 1118208K
  class space    used 19230K, capacity 29991K, committed 29992K, reserved 1048576K
Event: 16.658 GC heap after
Heap after GC invocations=19 (full 4):
 PSYoungGen      total 1196032K, used 0K [0x000000076b380000, 0x00000007c0000000, 0x00000007c0000000)
  eden space 1159168K, 0% used [0x000000076b380000,0x000000076b380000,0x00000007b1f80000)
  from space 36864K, 0% used [0x00000007b1f80000,0x00000007b1f80000,0x00000007b4380000)
  to   space 36352K, 0% used [0x00000007bdc80000,0x00000007bdc80000,0x00000007c0000000)
 ParOldGen       total 314368K, used 74635K [0x00000006c1a00000, 0x00000006d4d00000, 0x000000076b380000)
  object space 314368K, 23% used [0x00000006c1a00000,0x00000006c62e2e30,0x00000006d4d00000)
 Metaspace       used 67076K, capacity 98433K, committed 98600K, reserved 1118208K
  class space    used 19230K, capacity 29991K, committed 29992K, reserved 1048576K
}
Event: 93.185 GC heap before
{Heap before GC invocations=20 (full 4):
 PSYoungGen      total 1196032K, used 1159168K [0x000000076b380000, 0x00000007c0000000, 0x00000007c0000000)
  eden space 1159168K, 100% used [0x000000076b380000,0x00000007b1f80000,0x00000007b1f80000)
  from space 36864K, 0% used [0x00000007b1f80000,0x00000007b1f80000,0x00000007b4380000)
  to   space 36352K, 0% used [0x00000007bdc80000,0x00000007bdc80000,0x00000007c0000000)
 ParOldGen       total 314368K, used 74635K [0x00000006c1a00000, 0x00000006d4d00000, 0x000000076b380000)
  object space 314368K, 23% used [0x00000006c1a00000,0x00000006c62e2e30,0x00000006d4d00000)
 Metaspace       used 74465K, capacity 110635K, committed 110888K, reserved 1126400K
  class space    used 21540K, capacity 34040K, committed 34088K, reserved 1048576K
Event: 93.191 GC heap after
Heap after GC invocations=20 (full 4):
 PSYoungGen      total 1351680K, used 5200K [0x000000076b380000, 0x00000007bff80000, 0x00000007c0000000)
  eden space 1315840K, 0% used [0x000000076b380000,0x000000076b380000,0x00000007bb880000)
  from space 35840K, 14% used [0x00000007bdc80000,0x00000007be194030,0x00000007bff80000)
  to   space 36352K, 0% used [0x00000007bb880000,0x00000007bb880000,0x00000007bdc00000)
 ParOldGen       total 314368K, used 74643K [0x00000006c1a00000, 0x00000006d4d00000, 0x000000076b380000)
  object space 314368K, 23% used [0x00000006c1a00000,0x00000006c62e4e30,0x00000006d4d00000)
 Metaspace       used 74465K, capacity 110635K, committed 110888K, reserved 1126400K
  class space    used 21540K, capacity 34040K, committed 34088K, reserved 1048576K
}
Event: 680.607 GC heap before
{Heap before GC invocations=21 (full 4):
 PSYoungGen      total 1351680K, used 1321040K [0x000000076b380000, 0x00000007bff80000, 0x00000007c0000000)
  eden space 1315840K, 100% used [0x000000076b380000,0x00000007bb880000,0x00000007bb880000)
  from space 35840K, 14% used [0x00000007bdc80000,0x00000007be194030,0x00000007bff80000)
  to   space 36352K, 0% used [0x00000007bb880000,0x00000007bb880000,0x00000007bdc00000)
 ParOldGen       total 314368K, used 74643K [0x00000006c1a00000, 0x00000006d4d00000, 0x000000076b380000)
  object space 314368K, 23% used [0x00000006c1a00000,0x00000006c62e4e30,0x00000006d4d00000)
 Metaspace       used 75523K, capacity 112213K, committed 112552K, reserved 1128448K
  class space    used 21752K, capacity 34376K, committed 34472K, reserved 1048576K
Event: 680.617 GC heap after
Heap after GC invocations=21 (full 4):
 PSYoungGen      total 1325056K, used 8875K [0x000000076b380000, 0x00000007bfd80000, 0x00000007c0000000)
  eden space 1315840K, 0% used [0x000000076b380000,0x000000076b380000,0x00000007bb880000)
  from space 9216K, 96% used [0x00000007bb880000,0x00000007bc12ae80,0x00000007bc180000)
  to   space 34816K, 0% used [0x00000007bdb80000,0x00000007bdb80000,0x00000007bfd80000)
 ParOldGen       total 314368K, used 74651K [0x00000006c1a00000, 0x00000006d4d00000, 0x000000076b380000)
  object space 314368K, 23% used [0x00000006c1a00000,0x00000006c62e6e30,0x00000006d4d00000)
 Metaspace       used 75523K, capacity 112213K, committed 112552K, reserved 1128448K
  class space    used 21752K, capacity 34376K, committed 34472K, reserved 1048576K
}
Event: 1290.117 GC heap before
{Heap before GC invocations=22 (full 4):
 PSYoungGen      total 1325056K, used 1324715K [0x000000076b380000, 0x00000007bfd80000, 0x00000007c0000000)
  eden space 1315840K, 100% used [0x000000076b380000,0x00000007bb880000,0x00000007bb880000)
  from space 9216K, 96% used [0x00000007bb880000,0x00000007bc12ae80,0x00000007bc180000)
  to   space 34816K, 0% used [0x00000007bdb80000,0x00000007bdb80000,0x00000007bfd80000)
 ParOldGen       total 314368K, used 74651K [0x00000006c1a00000, 0x00000006d4d00000, 0x000000076b380000)
  object space 314368K, 23% used [0x00000006c1a00000,0x00000006c62e6e30,0x00000006d4d00000)
 Metaspace       used 76688K, capacity 113975K, committed 114216K, reserved 1128448K
  class space    used 22001K, capacity 34769K, committed 34856K, reserved 1048576K
Event: 1290.125 GC heap after
Heap after GC invocations=22 (full 4):
 PSYoungGen      total 1352704K, used 8409K [0x000000076b380000, 0x00000007c0000000, 0x00000007c0000000)
  eden space 1317888K, 0% used [0x000000076b380000,0x000000076b380000,0x00000007bba80000)
  from space 34816K, 24% used [0x00000007bdb80000,0x00000007be3b6628,0x00000007bfd80000)
  to   space 33792K, 0% used [0x00000007bba80000,0x00000007bba80000,0x00000007bdb80000)
 ParOldGen       total 314368K, used 74659K [0x00000006c1a00000, 0x00000006d4d00000, 0x000000076b380000)
  object space 314368K, 23% used [0x00000006c1a00000,0x00000006c62e8e30,0x00000006d4d00000)
 Metaspace       used 76688K, capacity 113975K, committed 114216K, reserved 1128448K
  class space    used 22001K, capacity 34769K, committed 34856K, reserved 1048576K
}

Deoptimization events (10 events):
Event: 744.140 Thread 0x000000002010b800 Uncommon trap: reason=unhandled action=none pc=0x0000000003a89b04 method=java.net.URLClassLoader.findClass(Ljava/lang/String;)Ljava/lang/Class; @ 44
Event: 744.140 Thread 0x000000002010b800 Uncommon trap: reason=unhandled action=none pc=0x0000000003a89b04 method=java.net.URLClassLoader.findClass(Ljava/lang/String;)Ljava/lang/Class; @ 44
Event: 744.140 Thread 0x000000002010b800 Uncommon trap: reason=unhandled action=none pc=0x0000000003a89b04 method=java.net.URLClassLoader.findClass(Ljava/lang/String;)Ljava/lang/Class; @ 44
Event: 744.140 Thread 0x000000002010b800 Uncommon trap: reason=unhandled action=none pc=0x0000000003a89b04 method=java.net.URLClassLoader.findClass(Ljava/lang/String;)Ljava/lang/Class; @ 44
Event: 744.140 Thread 0x000000002010b800 Uncommon trap: reason=unhandled action=none pc=0x0000000003a89b04 method=java.net.URLClassLoader.findClass(Ljava/lang/String;)Ljava/lang/Class; @ 44
Event: 744.140 Thread 0x000000002010b800 Uncommon trap: reason=unhandled action=none pc=0x0000000003a89b04 method=java.net.URLClassLoader.findClass(Ljava/lang/String;)Ljava/lang/Class; @ 44
Event: 744.141 Thread 0x000000002010b800 Uncommon trap: reason=unhandled action=none pc=0x0000000003a89b04 method=java.net.URLClassLoader.findClass(Ljava/lang/String;)Ljava/lang/Class; @ 44
Event: 744.141 Thread 0x000000002010b800 Uncommon trap: reason=unhandled action=none pc=0x0000000003a89b04 method=java.net.URLClassLoader.findClass(Ljava/lang/String;)Ljava/lang/Class; @ 44
Event: 744.141 Thread 0x000000002010b800 Uncommon trap: reason=unhandled action=none pc=0x0000000003a89b04 method=java.net.URLClassLoader.findClass(Ljava/lang/String;)Ljava/lang/Class; @ 44
Event: 744.141 Thread 0x000000002010b800 Uncommon trap: reason=unhandled action=none pc=0x0000000003a89b04 method=java.net.URLClassLoader.findClass(Ljava/lang/String;)Ljava/lang/Class; @ 44

Internal exceptions (10 events):
Event: 744.152 Thread 0x000000002010b800 Exception <a 'java/lang/ClassNotFoundException': > (0x000000076ed4bd48) thrown at [C:\re\workspace\8-2-build-windows-amd64-cygwin\jdk8u60\4407\hotspot\src\share\vm\prims\jni.cpp, line 735]
Event: 744.152 Thread 0x000000002010b800 Exception <a 'java/lang/ClassNotFoundException': > (0x000000076ed4cdf0) thrown at [C:\re\workspace\8-2-build-windows-amd64-cygwin\jdk8u60\4407\hotspot\src\share\vm\prims\jni.cpp, line 735]
Event: 744.152 Thread 0x000000002010b800 Exception <a 'java/lang/ClassNotFoundException': > (0x000000076ed4dc28) thrown at [C:\re\workspace\8-2-build-windows-amd64-cygwin\jdk8u60\4407\hotspot\src\share\vm\prims\jni.cpp, line 735]
Event: 744.152 Thread 0x000000002010b800 Exception <a 'java/lang/ClassNotFoundException': > (0x000000076ed4ecd0) thrown at [C:\re\workspace\8-2-build-windows-amd64-cygwin\jdk8u60\4407\hotspot\src\share\vm\prims\jni.cpp, line 735]
Event: 744.152 Thread 0x000000002010b800 Exception <a 'java/lang/ClassNotFoundException': > (0x000000076ed4f9f8) thrown at [C:\re\workspace\8-2-build-windows-amd64-cygwin\jdk8u60\4407\hotspot\src\share\vm\prims\jni.cpp, line 735]
Event: 744.152 Thread 0x000000002010b800 Exception <a 'java/lang/ClassNotFoundException': > (0x000000076ed50990) thrown at [C:\re\workspace\8-2-build-windows-amd64-cygwin\jdk8u60\4407\hotspot\src\share\vm\prims\jni.cpp, line 735]
Event: 744.152 Thread 0x000000002010b800 Exception <a 'java/lang/ClassNotFoundException': > (0x000000076ed51558) thrown at [C:\re\workspace\8-2-build-windows-amd64-cygwin\jdk8u60\4407\hotspot\src\share\vm\prims\jni.cpp, line 735]
Event: 744.153 Thread 0x000000002010b800 Exception <a 'java/lang/ClassNotFoundException': > (0x000000076ed52120) thrown at [C:\re\workspace\8-2-build-windows-amd64-cygwin\jdk8u60\4407\hotspot\src\share\vm\prims\jni.cpp, line 735]
Event: 744.153 Thread 0x000000002010b800 Exception <a 'java/lang/ClassNotFoundException': > (0x000000076ed53090) thrown at [C:\re\workspace\8-2-build-windows-amd64-cygwin\jdk8u60\4407\hotspot\src\share\vm\prims\jni.cpp, line 735]
Event: 744.153 Thread 0x000000002010b800 Exception <a 'java/lang/ClassNotFoundException': > (0x000000076ed53ec8) thrown at [C:\re\workspace\8-2-build-windows-amd64-cygwin\jdk8u60\4407\hotspot\src\share\vm\prims\jni.cpp, line 735]

Events (10 events):
Event: 1406.940 Thread 0x00000000218b4000 DEOPT PACKING pc=0x00000000033ce404 sp=0x000000003bc3d6d0
Event: 1406.940 Thread 0x00000000218b4000 DEOPT UNPACKING pc=0x000000000245787f sp=0x000000003bc3d400 mode 1
Event: 1406.941 Thread 0x00000000218b4000 DEOPT PACKING pc=0x0000000003f6aba8 sp=0x000000003bc3da90
Event: 1406.941 Thread 0x00000000218b4000 DEOPT UNPACKING pc=0x000000000245787f sp=0x000000003bc3d8c0 mode 1
Event: 1406.941 Thread 0x00000000218b4000 DEOPT PACKING pc=0x0000000002dddc54 sp=0x000000003bc3dbe0
Event: 1406.941 Thread 0x00000000218b4000 DEOPT UNPACKING pc=0x000000000245787f sp=0x000000003bc3d8e0 mode 1
Event: 1406.941 Thread 0x00000000218b4000 DEOPT PACKING pc=0x00000000028ca31c sp=0x000000003bc3dc00
Event: 1406.941 Thread 0x00000000218b4000 DEOPT UNPACKING pc=0x000000000245787f sp=0x000000003bc3d930 mode 1
Event: 1406.941 Thread 0x00000000218b4000 DEOPT PACKING pc=0x0000000002c1478c sp=0x000000003bc3dc50
Event: 1406.941 Thread 0x00000000218b4000 DEOPT UNPACKING pc=0x000000000245787f sp=0x000000003bc3d9b0 mode 1


Dynamic libraries:
0x00007ff6ed7e0000 - 0x00007ff6ed817000 	C:\Program Files\Java\jdk1.8.0_60\bin\java.exe
0x00007ff8ac150000 - 0x00007ff8ac311000 	C:\WINDOWS\SYSTEM32\ntdll.dll
0x00007ff8a9840000 - 0x00007ff8a98ed000 	C:\WINDOWS\system32\KERNEL32.DLL
0x00007ff8a8b60000 - 0x00007ff8a8d48000 	C:\WINDOWS\system32\KERNELBASE.dll
0x00007ff8abec0000 - 0x00007ff8abf67000 	C:\WINDOWS\system32\ADVAPI32.dll
0x00007ff8a96d0000 - 0x00007ff8a976d000 	C:\WINDOWS\system32\msvcrt.dll
0x00007ff8a9a70000 - 0x00007ff8a9acb000 	C:\WINDOWS\system32\sechost.dll
0x00007ff8abf70000 - 0x00007ff8ac08c000 	C:\WINDOWS\system32\RPCRT4.dll
0x00007ff8a9550000 - 0x00007ff8a96a6000 	C:\WINDOWS\system32\USER32.dll
0x00007ff8abab0000 - 0x00007ff8abc36000 	C:\WINDOWS\system32\GDI32.dll
0x00007ff8a3ed0000 - 0x00007ff8a4144000 	C:\WINDOWS\WinSxS\amd64_microsoft.windows.common-controls_6595b64144ccf1df_6.0.10586.0_none_8c15ae12515e1c22\COMCTL32.dll
0x00007ff8abc40000 - 0x00007ff8abebd000 	C:\WINDOWS\system32\combase.dll
0x00007ff8a94e0000 - 0x00007ff8a954a000 	C:\WINDOWS\system32\bcryptPrimitives.dll
0x00007ff8ac110000 - 0x00007ff8ac14b000 	C:\WINDOWS\system32\IMM32.DLL
0x0000000063de0000 - 0x0000000063eb2000 	C:\Program Files\Java\jdk1.8.0_60\jre\bin\msvcr100.dll
0x0000000063550000 - 0x0000000063dd9000 	C:\Program Files\Java\jdk1.8.0_60\jre\bin\server\jvm.dll
0x00007ff8a9950000 - 0x00007ff8a9958000 	C:\WINDOWS\system32\PSAPI.DLL
0x00007ff87ee10000 - 0x00007ff87ee19000 	C:\WINDOWS\SYSTEM32\WSOCK32.dll
0x00007ff8a6f30000 - 0x00007ff8a6f3a000 	C:\WINDOWS\SYSTEM32\VERSION.dll
0x00007ff8a70c0000 - 0x00007ff8a70e3000 	C:\WINDOWS\SYSTEM32\WINMM.dll
0x00007ff8ab840000 - 0x00007ff8ab8ab000 	C:\WINDOWS\system32\WS2_32.dll
0x0000000000920000 - 0x000000000094c000 	C:\WINDOWS\SYSTEM32\WINMMBASE.dll
0x00007ff8a8940000 - 0x00007ff8a8983000 	C:\WINDOWS\system32\cfgmgr32.dll
0x0000000064880000 - 0x000000006488f000 	C:\Program Files\Java\jdk1.8.0_60\jre\bin\verify.dll
0x0000000063520000 - 0x0000000063549000 	C:\Program Files\Java\jdk1.8.0_60\jre\bin\java.dll
0x00000000634e0000 - 0x0000000063515000 	C:\Program Files\Java\jdk1.8.0_60\jre\bin\jdwp.dll
0x00000000634d0000 - 0x00000000634d8000 	C:\Program Files\Java\jdk1.8.0_60\jre\bin\npt.dll
0x00000000634b0000 - 0x00000000634c6000 	C:\Program Files\Java\jdk1.8.0_60\jre\bin\zip.dll
0x00007ff8a9f00000 - 0x00007ff8ab45c000 	C:\WINDOWS\system32\SHELL32.dll
0x00007ff8a8e90000 - 0x00007ff8a94d5000 	C:\WINDOWS\system32\windows.storage.dll
0x00007ff8a98f0000 - 0x00007ff8a9942000 	C:\WINDOWS\system32\shlwapi.dll
0x00007ff8a87f0000 - 0x00007ff8a87ff000 	C:\WINDOWS\system32\kernel.appcore.dll
0x00007ff8a8800000 - 0x00007ff8a88b5000 	C:\WINDOWS\system32\shcore.dll
0x00007ff8a8780000 - 0x00007ff8a87cb000 	C:\WINDOWS\system32\powrprof.dll
0x00007ff8a87d0000 - 0x00007ff8a87e4000 	C:\WINDOWS\system32\profapi.dll
0x00000000634a0000 - 0x00000000634a9000 	C:\Program Files\Java\jdk1.8.0_60\jre\bin\dt_socket.dll
0x00007ff8a7d90000 - 0x00007ff8a7dec000 	C:\WINDOWS\system32\mswsock.dll
0x0000000063480000 - 0x000000006349a000 	C:\Program Files\Java\jdk1.8.0_60\jre\bin\net.dll
0x00000000632e0000 - 0x0000000063478000 	C:\Program Files\Java\jdk1.8.0_60\jre\bin\awt.dll
0x00007ff8a9770000 - 0x00007ff8a9831000 	C:\WINDOWS\system32\OLEAUT32.dll
0x00007ff8a7480000 - 0x00007ff8a74f9000 	C:\WINDOWS\system32\apphelp.dll
0x00007ff8a6870000 - 0x00007ff8a691a000 	C:\WINDOWS\SYSTEM32\DNSAPI.dll
0x00007ff8ac100000 - 0x00007ff8ac108000 	C:\WINDOWS\system32\NSI.dll
0x00007ff89b560000 - 0x00007ff89b56a000 	C:\Windows\System32\rasadhlp.dll
0x00007ff8a2100000 - 0x00007ff8a2167000 	C:\WINDOWS\System32\fwpuclnt.dll
0x00007ff8a8110000 - 0x00007ff8a8139000 	C:\WINDOWS\SYSTEM32\bcrypt.dll
0x00007ff8a7e40000 - 0x00007ff8a7e57000 	C:\WINDOWS\SYSTEM32\CRYPTSP.dll
0x00007ff8a7ad0000 - 0x00007ff8a7b04000 	C:\WINDOWS\system32\rsaenh.dll
0x00007ff8a7c20000 - 0x00007ff8a7c3f000 	C:\WINDOWS\SYSTEM32\USERENV.dll
0x00007ff8a7f60000 - 0x00007ff8a7f6b000 	C:\WINDOWS\SYSTEM32\CRYPTBASE.dll
0x00007ff8a27a0000 - 0x00007ff8a27d8000 	C:\WINDOWS\SYSTEM32\IPHLPAPI.DLL
0x00007ff8a3a40000 - 0x00007ff8a3a56000 	C:\WINDOWS\SYSTEM32\dhcpcsvc6.DLL
0x00007ff8a3a20000 - 0x00007ff8a3a3a000 	C:\WINDOWS\SYSTEM32\dhcpcsvc.DLL
0x00000000632c0000 - 0x00000000632d1000 	C:\Program Files\Java\jdk1.8.0_60\jre\bin\nio.dll
0x00007ff884340000 - 0x00007ff8843a1000 	C:\Users\Nebojsa\AppData\Local\Temp\JOCL_0_2_0-windows-x86_64.dll
0x00007ff88df40000 - 0x00007ff88df5a000 	C:\WINDOWS\SYSTEM32\OpenCL.dll
0x00007ff877870000 - 0x00007ff8778d7000 	C:\WINDOWS\SYSTEM32\IntelOpenCL64.dll
0x00007ff86fa40000 - 0x00007ff86fbfd000 	C:\Program Files (x86)\Common Files\Intel\OpenCL\bin\x64\intelocl64.dll
0x00007ff873490000 - 0x00007ff87352d000 	C:\Program Files (x86)\Common Files\Intel\OpenCL\bin\x64\task_executor64.dll
0x00007ff87d3f0000 - 0x00007ff87d519000 	C:\WINDOWS\SYSTEM32\OPENGL32.dll
0x00007ff87bc50000 - 0x00007ff87bd4a000 	C:\WINDOWS\SYSTEM32\DDRAW.dll
0x00007ff87e480000 - 0x00007ff87e4ae000 	C:\WINDOWS\SYSTEM32\GLU32.dll
0x00007ff87f160000 - 0x00007ff87f168000 	C:\WINDOWS\SYSTEM32\DCIMAN32.dll
0x00007ff872850000 - 0x00007ff872928000 	C:\Program Files (x86)\Common Files\Intel\OpenCL\bin\x64\cpu_device64.dll
0x00007ff86dfa0000 - 0x00007ff86e3ed000 	C:\WINDOWS\SYSTEM32\igdrcl64.dll
0x00007ff8a5c80000 - 0x00007ff8a5d23000 	C:\WINDOWS\SYSTEM32\dxgi.dll
0x00007ff871b10000 - 0x00007ff871c40000 	C:\WINDOWS\SYSTEM32\igdfcl64.dll
0x00007ff8875f0000 - 0x00007ff88777c000 	C:\WINDOWS\SYSTEM32\dbghelp.dll
0x00007ff86d180000 - 0x00007ff86d6c5000 	C:\WINDOWS\SYSTEM32\igdmcl64.dll
0x00007ff877720000 - 0x00007ff87778d000 	C:\WINDOWS\SYSTEM32\igdbcl64.dll
0x00007ff8a2f20000 - 0x00007ff8a3922000 	C:\WINDOWS\SYSTEM32\igdusc64.dll
0x00007ff8608f0000 - 0x00007ff861d68000 	C:\WINDOWS\System32\nvopencl.dll
0x00007ff8a9ad0000 - 0x00007ff8a9ef9000 	C:\WINDOWS\system32\SETUPAPI.dll
0x00007ff8a7560000 - 0x00007ff8a75f6000 	C:\WINDOWS\system32\uxtheme.dll
0x00007ff8a23e0000 - 0x00007ff8a2795000 	C:\WINDOWS\system32\nvapi64.dll
0x00007ff8ab960000 - 0x00007ff8abaa3000 	C:\WINDOWS\system32\ole32.dll
0x00007ff8a8220000 - 0x00007ff8a8247000 	C:\WINDOWS\SYSTEM32\DEVOBJ.dll
0x00007ff8a88c0000 - 0x00007ff8a8915000 	C:\WINDOWS\system32\WINTRUST.dll
0x00007ff8a8770000 - 0x00007ff8a8780000 	C:\WINDOWS\system32\MSASN1.dll
0x00007ff8a8990000 - 0x00007ff8a8b57000 	C:\WINDOWS\system32\CRYPT32.dll
0x00007ff85ed20000 - 0x00007ff8608ed000 	C:\WINDOWS\SYSTEM32\common_clang64.dll

VM Arguments:
jvm_args: -Dfile.encoding=UTF-8 -Xdebug -Xrunjdwp:transport=dt_socket,server=y,suspend=n -Dclojure.compile.path=F:\DoktorskeFON\1Semestar\Clojure\kraljice002\target\classes -Dkraljice002.version=0.1.0-SNAPSHOT -Dclojure.debug=false 
java_command: clojure.main -i C:\Users\Nebojsa\AppData\Local\Temp\form-init3020788616435449727.clj
java_class_path (initial): F:\DoktorskeFON\1Semestar\Clojure\kraljice002\test;F:\DoktorskeFON\1Semestar\Clojure\kraljice002\src;F:\DoktorskeFON\1Semestar\Clojure\kraljice002\dev-resources;F:\DoktorskeFON\1Semestar\Clojure\kraljice002\resources;F:\DoktorskeFON\1Semestar\Clojure\kraljice002\target\classes;C:\Users\Nebojsa\.m2\repository\org\clojure\tools.namespace\0.2.10\tools.namespace-0.2.10.jar;C:\Users\Nebojsa\.m2\repository\org\clojure\clojure\1.8.0\clojure-1.8.0.jar;C:\Users\Nebojsa\.m2\repository\org\clojure\tools.nrepl\0.2.10\tools.nrepl-0.2.10.jar;C:\Users\Nebojsa\.m2\repository\org\tcrawley\dynapath\0.2.3\dynapath-0.2.3.jar;C:\Users\Nebojsa\.m2\repository\manifold\manifold\0.1.0\manifold-0.1.0.jar;C:\Users\Nebojsa\.m2\repository\joda-time\joda-time\2.8.2\joda-time-2.8.2.jar;C:\Users\Nebojsa\.m2\repository\marick\suchwow\4.4.3\suchwow-4.4.3.jar;C:\Users\Nebojsa\.m2\repository\clojure-complete\clojure-complete\0.2.3\clojure-complete-0.2.3.jar;C:\Users\Nebojsa\.m2\repository\org\clojure\core.memoize\0.5.8\core.memoize-0.5.8.jar;C:\Users\Nebojsa\.m2\repository\com\rpl\specter\0.9.0\specter-0.9.0.jar;C:\Users\Nebojsa\.m2\repository\org\clojure\tools.analyzer\0.6.7\tools.analyzer-0.6.7.jar;C:\Users\Nebojsa\.m2\repository\org\clojure\math.combinatorics\0.1.1\math.combinatorics-0.1.1.jar;C:\Users\Nebojsa\.m2\repository\org\clojure\tools.reader\1.0.0-alpha1\tools.reader-1.0.0-alpha1.jar;C:\Users\Nebojsa\.m2\repository\marick\clojure-commons\1.1.3\clojure-commons-1.1.3.jar;C:\Users\Nebojsa\.m2\repository\org\clojars\brenton\google-diff-match-patch\0.1\google-diff-match-patch-0.1.jar;C:\Users\Nebojsa\.m2\repository\org\clojure\tools.macro\0.1.5\tools.macro-0.1.5.jar;C:\Users\Nebojsa\.m2\repository\org\clojure\tools.analyzer.jvm\0.6.9\tools.analyzer.jvm-0.6.9.jar;C:\Users\Nebojsa\.m2\repository\org\clojure\core.async\0.2.374\core.async-0.2.374.jar;C:\Users\Nebojsa\.m2\repository\vertigo\vertigo\0.1.4\vertigo-0.1.4.jar;C:\Users\Nebojsa\.m2\repository\swiss-arrows\swiss
Launcher Type: SUN_STANDARD

Environment Variables:
PATH=C:/Program Files/Java/jre1.8.0_77/bin/server;C:/Program Files/Java/jre1.8.0_77/bin;C:/Program Files/Java/jre1.8.0_77/lib/amd64;C:\ProgramData\Oracle\Java\javapath;C:\Program Files\NVIDIA GPU Computing Toolkit\CUDA\v7.5\bin;C:\Program Files\NVIDIA GPU Computing Toolkit\CUDA\v7.5\libnvvp;C:\Program Files (x86)\Intel\iCLS Client\;C:\Program Files\Intel\iCLS Client\;C:\Windows\system32;C:\Windows;C:\Windows\System32\Wbem;C:\Windows\System32\WindowsPowerShell\v1.0\;C:\Program Files\Intel\Intel(R) Management Engine Components\DAL;C:\Program Files (x86)\Intel\Intel(R) Management Engine Components\DAL;C:\Program Files\Intel\Intel(R) Management Engine Components\IPT;C:\Program Files (x86)\Intel\Intel(R) Management Engine Components\IPT;C:\Program Files\Intel\WiFi\bin\;C:\Program Files\Common Files\Intel\WirelessCommon\;c:\Program Files (x86)\Microsoft SQL Server\100\Tools\Binn\;c:\Program Files\Microsoft SQL Server\100\Tools\Binn\;c:\Program Files\Microsoft SQL Server\100\DTS\Binn\;C:\Program Files\Microsoft SQL Server\120\DTS\Binn\;C:\Program Files\Microsoft SQL Server\Client SDK\ODBC\110\Tools\Binn\;C:\Program Files (x86)\Microsoft SQL Server\120\Tools\Binn\;C:\Program Files\Microsoft SQL Server\120\Tools\Binn\;C:\Program Files (x86)\Microsoft SQL Server\120\Tools\Binn\ManagementStudio\;C:\Program Files (x86)\Microsoft SQL Server\120\DTS\Binn\;C:\Program Files (x86)\Common Files\Easysoft\Shared\;C:\Program Files\Common Files\Easysoft\Shared\;C:\Program Files (x86)\NVIDIA Corporation\PhysX\Common;C:\WINDOWS\system32;C:\WINDOWS;C:\WINDOWS\System32\Wbem;C:\WINDOWS\System32\WindowsPowerShell\v1.0\;C:\WINDOWS\system32;C:\WINDOWS;C:\WINDOWS\System32\Wbem;C:\WINDOWS\System32\WindowsPowerShell\v1.0\;C:\Program Files (x86)\Skype\Phone\;C:\Program Files (x86)\EaseUS\Todo Backup\bin\x64\;C:\FON\counterclockwise-0.34.0.STABLE001;
USERNAME=Nebojsa
OS=Windows_NT
PROCESSOR_IDENTIFIER=Intel64 Family 6 Model 60 Stepping 3, GenuineIntel



---------------  S Y S T E M  ---------------

OS: Windows 10.0 , 64 bit Build 10586 (10.0.10586.0)

CPU:total 8 (4 cores per cpu, 2 threads per core) family 6 model 60 stepping 3, cmov, cx8, fxsr, mmx, sse, sse2, sse3, ssse3, sse4.1, sse4.2, popcnt, avx, avx2, aes, clmul, erms, lzcnt, ht, tsc, tscinvbit, bmi1, bmi2

Memory: 4k page, physical 16663636k(9660832k free), swap 19154004k(5110196k free)

vm_info: Java HotSpot(TM) 64-Bit Server VM (25.60-b23) for windows-amd64 JRE (1.8.0_60-b27), built on Aug  4 2015 11:06:27 by "java_re" with MS VC++ 10.0 (VS2010)

time: Fri May 20 00:09:13 2016
elapsed time: 1407 seconds (0d 0h 23m 27s)

